<?xml version="1.0" encoding="UTF-8"?>
<robot generator="Robot 7.2 (Python 3.12.9 on win32)" generated="2025-02-27T12:44:00.525991" rpa="false" schemaversion="5">
<suite id="s1" name="02 Database testing" source="D:\Python\06_Robot_framework\Project_2\Tests\02_Database_testing.robot">
<kw name="Connect To Database" owner="DatabaseLibrary" type="SETUP">
<msg time="2025-02-27T12:44:00.627548" level="INFO">Looking for configuration file: 'resources\db.cfg'</msg>
<msg time="2025-02-27T12:44:00.627548" level="INFO">Configuration file doesn't exist</msg>
<msg time="2025-02-27T12:44:00.731090" level="INFO">Connect to DB using : pymysql.connect(db='mukhesh', user='root', passwd=***, host='localhost', port=3306, charset='utf8mb4')</msg>
<arg>pymysql</arg>
<arg>${DBName}</arg>
<arg>${DBUser}</arg>
<arg>${DBPass}</arg>
<arg>${DBHost}</arg>
<arg>${DBPort}</arg>
<doc>Creates a database connection using the DB API 2.0 ``db_module`` and the parameters provided.
Along with listed commonly used arguments (`db_name`, `db_host` etc.)
you can set any other DB module specific parameters as key/value pairs.</doc>
<status status="PASS" start="2025-02-27T12:44:00.627548" elapsed="0.118520"/>
</kw>
<test id="s1-t1" name="Create person table in database mukhesh" line="16">
<kw name="Execute Sql String" owner="DatabaseLibrary">
<msg time="2025-02-27T12:44:00.746068" level="INFO" html="true">Executing sql:&lt;br&gt;&lt;code style="font-weight: bold;"&gt;create table person(id int, first_name varchar(20), last_name varchar(20));&lt;/code&gt;</msg>
<msg time="2025-02-27T12:44:00.781899" level="INFO">Commit the transaction</msg>
<msg time="2025-02-27T12:44:00.793577" level="INFO">${output} = None</msg>
<var>${output}</var>
<arg>create table person(id int, first_name varchar(20), last_name varchar(20));</arg>
<doc>Executes the ``sql_string`` as a single SQL command.</doc>
<status status="PASS" start="2025-02-27T12:44:00.746068" elapsed="0.047509"/>
</kw>
<kw name="Log To Console" owner="BuiltIn">
<arg>${output}</arg>
<doc>Logs the given message to the console.</doc>
<status status="PASS" start="2025-02-27T12:44:00.793577" elapsed="0.000919"/>
</kw>
<kw name="Should Be Equal As Strings" owner="BuiltIn">
<msg time="2025-02-27T12:44:00.794496" level="INFO">Argument types are:
&lt;class 'NoneType'&gt;
&lt;class 'str'&gt;</msg>
<arg>${output}</arg>
<arg>None</arg>
<doc>Fails if objects are unequal after converting them to strings.</doc>
<status status="PASS" start="2025-02-27T12:44:00.794496" elapsed="0.000000"/>
</kw>
<status status="PASS" start="2025-02-27T12:44:00.746068" elapsed="0.048428"/>
</test>
<kw name="Disconnect From Database" owner="DatabaseLibrary" type="TEARDOWN">
<doc>Disconnects from the database.</doc>
<status status="PASS" start="2025-02-27T12:44:00.795436" elapsed="0.000000"/>
</kw>
<status status="PASS" start="2025-02-27T12:44:00.528002" elapsed="0.267434"/>
</suite>
<statistics>
<total>
<stat pass="1" fail="0" skip="0">All Tests</stat>
</total>
<tag>
</tag>
<suite>
<stat name="02 Database testing" id="s1" pass="1" fail="0" skip="0">02 Database testing</stat>
</suite>
</statistics>
<errors>
</errors>
</robot>
